<?xml version="1.0" encoding="UTF-8"?>
<!-- Generated by org.testng.reporters.JUnitReportReporter -->
<testsuite hostname="DESKTOP-7C911OD" failures="0" tests="1" name="driverFactory.AppTest" time="12.299" errors="0" timestamp="2025-01-01T17:23:19 IST" skipped="0">
  <testcase classname="driverFactory.AppTest" name="kickStart" time="12.299">
    <system-out>
      <![CDATA[Actual Stock Number :Stock-000000028   Expected Stock Number :Stock-000000028]]>
    </system-out>
  </testcase> <!-- kickStart -->
  <system-out>
    <![CDATA[Actual Stock Number :Stock-000000028   Expected Stock Number :Stock-000000028]]>
  </system-out>
</testsuite> <!-- driverFactory.AppTest -->
